#
# A fatal error has been detected by the Java Runtime Environment:
#
#  SIGSEGV (0xb) at pc=0xb4ee1aa1, pid=5902, tid=2338708336
#
# JRE version: 6.0_20-b20
# Java VM: OpenJDK Server VM (19.0-b09 mixed mode linux-x86 )
# Derivative: IcedTea6 1.9.8
# Distribution: Ubuntu 10.04.1 LTS, package 6b20-1.9.8-0ubuntu1~10.04.1
# Problematic frame:
# J  com.google.gwt.dev.util.collect.HashMap.internalPutAll(Ljava/util/Map;)V
#
# If you would like to submit a bug report, please include
# instructions how to reproduce the bug and visit:
#   https://bugs.launchpad.net/ubuntu/+source/openjdk-6/
#

---------------  T H R E A D  ---------------

Current thread (0x09818400):  JavaThread "Code server for algebraeditor from Mozilla/5.0 (X11; Linux i686; rv:5.0) Gecko/20100101 Firefox/5.0 on http://127.0.0.1:8888/AlgebraEditor.html?gwt.codesvr=127.0.0.1:9997 @ eXR7:Gn,&4!q[043" daemon [_thread_in_Java, id=6732, stack(0x8b60d000,0x8b65e000)]

siginfo:si_signo=SIGSEGV: si_errno=0, si_code=128 (), si_addr=0x00000000

Registers:
EAX=0x8cd89cf0, EBX=0x8cd89cf0, ECX=0x00000000, EDX=0x09818400
ESP=0x8b65c7b0, EBP=0xa9fab4f8, ESI=0x8b65c800, EDI=0xa9fab4f8
EIP=0xb4ee1aa1, CR2=0xb7612100, EFLAGS=0x00010246

Register to memory mapping:

EAX=0x8cd89cf0
{method} 
 - klass: {other class}

EBX=0x8cd89cf0
{method} 
 - klass: {other class}

ECX=0x00000000
0x00000000 is pointing to unknown location

EDX=0x09818400
"Code server for algebraeditor from Mozilla/5.0 (X11; Linux i686; rv:5.0) Gecko/20100101 Firefox/5.0 on http://127.0.0.1:8888/AlgebraEditor.html?gwt.codesvr=127.0.0.1:9997 @ eXR7:Gn,&4!q[043" daemon prio=10 tid=0x09818400 nid=0x1a4c runnable [0x00000000]
   java.lang.Thread.State: RUNNABLE

ESP=0x8b65c7b0
0x8b65c7b0 is pointing into the stack for thread: 0x09818400
"Code server for algebraeditor from Mozilla/5.0 (X11; Linux i686; rv:5.0) Gecko/20100101 Firefox/5.0 on http://127.0.0.1:8888/AlgebraEditor.html?gwt.codesvr=127.0.0.1:9997 @ eXR7:Gn,&4!q[043" daemon prio=10 tid=0x09818400 nid=0x1a4c runnable [0x00000000]
   java.lang.Thread.State: RUNNABLE

EBP=0xa9fab4f8

[error occurred during error reporting (printing registers, top of stack, instructions near pc), id 0xe0000000]

Stack: [0x8b60d000,0x8b65e000],  sp=0x8b65c7b0,  free space=317k
Native frames: (J=compiled Java code, j=interpreted, Vv=VM code, C=native code)
J  com.google.gwt.dev.util.collect.HashMap.internalPutAll(Ljava/util/Map;)V


---------------  P R O C E S S  ---------------

Java Threads: ( => current thread )
=>0x09818400 JavaThread "Code server for algebraeditor from Mozilla/5.0 (X11; Linux i686; rv:5.0) Gecko/20100101 Firefox/5.0 on http://127.0.0.1:8888/AlgebraEditor.html?gwt.codesvr=127.0.0.1:9997 @ eXR7:Gn,&4!q[043" daemon [_thread_in_Java, id=6732, stack(0x8b60d000,0x8b65e000)]
  0x8ab5d800 JavaThread "btpool0-6" [_thread_blocked, id=6731, stack(0x8ba6a000,0x8babb000)]
  0x09823400 JavaThread "Code server for algebraeditor from Mozilla/5.0 (X11; Linux i686; rv:5.0) Gecko/20100101 Firefox/5.0 on http://127.0.0.1:8888/AlgebraEditor.html?gwt.codesvr=127.0.0.1:9997 @ "|]@Uv~0fjGUbhrT" daemon [_thread_in_native, id=6699, stack(0x8aa79000,0x8aaca000)]
  0x099d7400 JavaThread "btpool0-5" [_thread_blocked, id=6698, stack(0x8aeaf000,0x8af00000)]
  0x09874800 JavaThread "btpool0-4" [_thread_blocked, id=6661, stack(0x8b8c7000,0x8b918000)]
  0x09a33400 JavaThread "Java2D Disposer" daemon [_thread_blocked, id=5957, stack(0x8b65e000,0x8b6af000)]
  0x8b485400 JavaThread "Timer-1" daemon [_thread_blocked, id=5931, stack(0x8b6af000,0x8b700000)]
  0x8b47ec00 JavaThread "btpool0-1 - Acceptor0 SelectChannelConnector@127.0.0.1:8888" [_thread_in_native, id=5930, stack(0x8b86c000,0x8b8bd000)]
  0x8b408000 JavaThread "GC Daemon" daemon [_thread_blocked, id=5928, stack(0x8ba19000,0x8ba6a000)]
  0x09a17800 JavaThread "com.google.gwt.thirdparty.guava.common.base.internal.Finalizer" daemon [_thread_blocked, id=5926, stack(0x8b918000,0x8b969000)]
  0x8c030c00 JavaThread "Code server listener" daemon [_thread_in_native, id=5925, stack(0x8b974000,0x8b9c5000)]
  0x8c02e400 JavaThread "Timer-0" daemon [_thread_blocked, id=5924, stack(0x8b9c5000,0x8ba16000)]
  0x8c016800 JavaThread "Thread-1" daemon [_thread_blocked, id=5921, stack(0x8babb000,0x8bb0c000)]
  0x8c000800 JavaThread "Thread-0" [_thread_in_native, id=5920, stack(0x8bb0c000,0x8bb5d000)]
  0x097c8000 JavaThread "Low Memory Detector" daemon [_thread_blocked, id=5916, stack(0x8be5c000,0x8bead000)]
  0x097c4c00 JavaThread "CompilerThread1" daemon [_thread_blocked, id=5915, stack(0x8bead000,0x8bf2e000)]
  0x097c2c00 JavaThread "CompilerThread0" daemon [_thread_blocked, id=5914, stack(0x8bf2e000,0x8bfaf000)]
  0x097c1400 JavaThread "Signal Dispatcher" daemon [_thread_blocked, id=5913, stack(0x8bfaf000,0x8c000000)]
  0x097ae000 JavaThread "Finalizer" daemon [_thread_blocked, id=5912, stack(0x8c156000,0x8c1a7000)]
  0x097ac800 JavaThread "Reference Handler" daemon [_thread_blocked, id=5911, stack(0x8c1a7000,0x8c1f8000)]
  0x09723000 JavaThread "main" [_thread_blocked, id=5907, stack(0xb7832000,0xb7883000)]

Other Threads:
  0x097a8c00 VMThread [stack: 0x8c1f8000,0x8c279000] [id=5910]
  0x097c9c00 WatcherThread [stack: 0x8bddb000,0x8be5c000] [id=5917]

VM state:not at safepoint (normal execution)

VM Mutex/Monitor currently owned by a thread: None

Heap
 PSYoungGen      total 116480K, used 46176K [0xa9cd0000, 0xb4770000, 0xb4770000)
  eden space 58496K, 6% used [0xa9cd0000,0xaa04cba8,0xad5f0000)
  from space 57984K, 73% used [0xad5f0000,0xaff8b468,0xb0e90000)
  to   space 58240K, 0% used [0xb0e90000,0xb0e90000,0xb4770000)
 PSOldGen        total 123008K, used 103946K [0x94770000, 0x9bf90000, 0xa9cd0000)
  object space 123008K, 84% used [0x94770000,0x9acf2848,0x9bf90000)
 PSPermGen       total 30208K, used 30091K [0x8c770000, 0x8e4f0000, 0x94770000)
  object space 30208K, 99% used [0x8c770000,0x8e4d2c90,0x8e4f0000)

Dynamic libraries:
00110000-00134000 r-xp 00000000 08:01 19340      /lib/tls/i686/cmov/libm-2.11.1.so
00134000-00135000 r--p 00023000 08:01 19340      /lib/tls/i686/cmov/libm-2.11.1.so
00135000-00136000 rw-p 00024000 08:01 19340      /lib/tls/i686/cmov/libm-2.11.1.so
00136000-00142000 r-xp 00000000 08:01 189035     /usr/lib/jvm/java-6-openjdk/jre/lib/i386/libverify.so
00142000-00143000 r--p 0000b000 08:01 189035     /usr/lib/jvm/java-6-openjdk/jre/lib/i386/libverify.so
00143000-00144000 rw-p 0000c000 08:01 189035     /usr/lib/jvm/java-6-openjdk/jre/lib/i386/libverify.so
00144000-00157000 r-xp 00000000 08:01 19372      /lib/tls/i686/cmov/libnsl-2.11.1.so
00157000-00158000 r--p 00012000 08:01 19372      /lib/tls/i686/cmov/libnsl-2.11.1.so
00158000-00159000 rw-p 00013000 08:01 19372      /lib/tls/i686/cmov/libnsl-2.11.1.so
00159000-0015b000 rw-p 00000000 00:00 0 
0015b000-00161000 r-xp 00000000 08:01 19373      /lib/tls/i686/cmov/libnss_compat-2.11.1.so
00161000-00162000 r--p 00006000 08:01 19373      /lib/tls/i686/cmov/libnss_compat-2.11.1.so
00162000-00163000 rw-p 00007000 08:01 19373      /lib/tls/i686/cmov/libnss_compat-2.11.1.so
00163000-00177000 r-xp 00000000 08:01 189028     /usr/lib/jvm/java-6-openjdk/jre/lib/i386/libnet.so
00177000-00178000 r--p 00013000 08:01 189028     /usr/lib/jvm/java-6-openjdk/jre/lib/i386/libnet.so
00178000-00179000 rw-p 00014000 08:01 189028     /usr/lib/jvm/java-6-openjdk/jre/lib/i386/libnet.so
00179000-0017b000 r-xp 00000000 08:01 8240       /lib/libnss_mdns4_minimal.so.2
0017b000-0017c000 r--p 00001000 08:01 8240       /lib/libnss_mdns4_minimal.so.2
0017c000-0017d000 rw-p 00002000 08:01 8240       /lib/libnss_mdns4_minimal.so.2
0017d000-00185000 r-xp 00000000 08:01 33554      /usr/lib/libXrender.so.1.3.0
00185000-00186000 r--p 00007000 08:01 33554      /usr/lib/libXrender.so.1.3.0
00186000-00187000 rw-p 00008000 08:01 33554      /usr/lib/libXrender.so.1.3.0
00187000-0018b000 r-xp 00000000 08:01 33530      /usr/lib/libXdmcp.so.6.0.0
0018b000-0018c000 r--p 00003000 08:01 33530      /usr/lib/libXdmcp.so.6.0.0
0018c000-0018d000 rw-p 00004000 08:01 33530      /usr/lib/libXdmcp.so.6.0.0
0018d000-0019b000 r-xp 00000000 08:01 185569     /usr/lib/jvm/java-6-openjdk/jre/lib/i386/libj2pkcs11.so
0019b000-0019c000 r--p 0000d000 08:01 185569     /usr/lib/jvm/java-6-openjdk/jre/lib/i386/libj2pkcs11.so
0019c000-0019d000 rw-p 0000e000 08:01 185569     /usr/lib/jvm/java-6-openjdk/jre/lib/i386/libj2pkcs11.so
0019d000-001b2000 r-xp 00000000 08:01 31650      /usr/lib/libnssutil3.so
001b2000-001b5000 r--p 00014000 08:01 31650      /usr/lib/libnssutil3.so
001b5000-001b6000 rw-p 00017000 08:01 31650      /usr/lib/libnssutil3.so
001c4000-00209000 r-xp 00000000 08:01 143211     /usr/lib/jvm/java-6-openjdk/jre/lib/i386/xawt/libmawt.so
00209000-0020a000 r--p 00044000 08:01 143211     /usr/lib/jvm/java-6-openjdk/jre/lib/i386/xawt/libmawt.so
0020a000-0020c000 rw-p 00045000 08:01 143211     /usr/lib/jvm/java-6-openjdk/jre/lib/i386/xawt/libmawt.so
0020c000-0020d000 rw-p 00000000 00:00 0 
0021b000-00236000 r-xp 00000000 08:01 8200       /lib/ld-2.11.1.so
00236000-00237000 r--p 0001a000 08:01 8200       /lib/ld-2.11.1.so
00237000-00238000 rw-p 0001b000 08:01 8200       /lib/ld-2.11.1.so
00244000-0024d000 r-xp 00000000 08:01 189022     /usr/lib/jvm/java-6-openjdk/jre/lib/i386/libjpeg.so
0024d000-0024e000 r--p 00008000 08:01 189022     /usr/lib/jvm/java-6-openjdk/jre/lib/i386/libjpeg.so
0024e000-0024f000 rw-p 00009000 08:01 189022     /usr/lib/jvm/java-6-openjdk/jre/lib/i386/libjpeg.so
0024f000-00280000 r-xp 00000000 08:01 37636      /usr/lib/libnspr4.so
00280000-00281000 r--p 00030000 08:01 37636      /usr/lib/libnspr4.so
00281000-00282000 rw-p 00031000 08:01 37636      /usr/lib/libnspr4.so
00282000-00284000 rw-p 00000000 00:00 0 
00299000-002a3000 r-xp 00000000 08:01 19379      /lib/tls/i686/cmov/libnss_files-2.11.1.so
002a3000-002a4000 r--p 00009000 08:01 19379      /lib/tls/i686/cmov/libnss_files-2.11.1.so
002a4000-002a5000 rw-p 0000a000 08:01 19379      /lib/tls/i686/cmov/libnss_files-2.11.1.so
002b3000-002cb000 r-xp 00000000 08:01 34522      /usr/lib/libxcb.so.1.1.0
002cb000-002cc000 r--p 00017000 08:01 34522      /usr/lib/libxcb.so.1.1.0
002cc000-002cd000 rw-p 00018000 08:01 34522      /usr/lib/libxcb.so.1.1.0
002d7000-002de000 r-xp 00000000 08:01 21684      /lib/tls/i686/cmov/librt-2.11.1.so
002de000-002df000 r--p 00006000 08:01 21684      /lib/tls/i686/cmov/librt-2.11.1.so
002df000-002e0000 rw-p 00007000 08:01 21684      /lib/tls/i686/cmov/librt-2.11.1.so
002e0000-00365000 r-xp 00000000 08:01 184243     /usr/lib/jvm/java-6-openjdk/jre/lib/i386/libawt.so
00365000-00366000 r--p 00085000 08:01 184243     /usr/lib/jvm/java-6-openjdk/jre/lib/i386/libawt.so
00366000-0036c000 rw-p 00086000 08:01 184243     /usr/lib/jvm/java-6-openjdk/jre/lib/i386/libawt.so
0036c000-00391000 rw-p 00000000 00:00 0 
00398000-003a8000 r-xp 00000000 08:01 19451      /lib/tls/i686/cmov/libresolv-2.11.1.so
003a8000-003a9000 r--p 00010000 08:01 19451      /lib/tls/i686/cmov/libresolv-2.11.1.so
003a9000-003aa000 rw-p 00011000 08:01 19451      /lib/tls/i686/cmov/libresolv-2.11.1.so
003aa000-003ac000 rw-p 00000000 00:00 0 
003ac000-003f7000 r-xp 00000000 08:01 31812      /usr/lib/nss/libfreebl3.so
003f7000-003f8000 r--p 0004a000 08:01 31812      /usr/lib/nss/libfreebl3.so
003f8000-003f9000 rw-p 0004b000 08:01 31812      /usr/lib/nss/libfreebl3.so
003f9000-003fd000 rw-p 00000000 00:00 0 
003fd000-0041a000 r-xp 00000000 08:01 8202       /lib/libgcc_s.so.1
0041a000-0041b000 r--p 0001c000 08:01 8202       /lib/libgcc_s.so.1
0041b000-0041c000 rw-p 0001d000 08:01 8202       /lib/libgcc_s.so.1
00420000-00421000 r-xp 00000000 00:00 0          [vdso]
0043d000-0043f000 r-xp 00000000 08:01 33519      /usr/lib/libXau.so.6.0.0
0043f000-00440000 r--p 00001000 08:01 33519      /usr/lib/libXau.so.6.0.0
00440000-00441000 rw-p 00002000 08:01 33519      /usr/lib/libXau.so.6.0.0
0044e000-00455000 r-xp 00000000 08:01 189038     /usr/lib/jvm/java-6-openjdk/jre/lib/i386/native_threads/libhpi.so
00455000-00456000 r--p 00006000 08:01 189038     /usr/lib/jvm/java-6-openjdk/jre/lib/i386/native_threads/libhpi.so
00456000-00457000 rw-p 00007000 08:01 189038     /usr/lib/jvm/java-6-openjdk/jre/lib/i386/native_threads/libhpi.so
00457000-004d7000 r-xp 00000000 08:01 34414      /usr/lib/libsqlite3.so.0.8.6
004d7000-004d8000 r--p 0007f000 08:01 34414      /usr/lib/libsqlite3.so.0.8.6
004d8000-004d9000 rw-p 00080000 08:01 34414      /usr/lib/libsqlite3.so.0.8.6
004d9000-004da000 rw-p 00000000 00:00 0 
004e6000-004f4000 r-xp 00000000 08:01 33532      /usr/lib/libXext.so.6.4.0
004f4000-004f5000 r--p 0000d000 08:01 33532      /usr/lib/libXext.so.6.4.0
004f5000-004f6000 rw-p 0000e000 08:01 33532      /usr/lib/libXext.so.6.4.0
004f6000-0060f000 r-xp 00000000 08:01 33515      /usr/lib/libX11.so.6.3.0
0060f000-00610000 r--p 00118000 08:01 33515      /usr/lib/libX11.so.6.3.0
00610000-00612000 rw-p 00119000 08:01 33515      /usr/lib/libX11.so.6.3.0
00612000-00613000 rw-p 00000000 00:00 0 
00613000-00657000 r-xp 00000000 08:01 184245     /usr/lib/jvm/java-6-openjdk/jre/lib/i386/libfontmanager.so
00657000-00659000 r--p 00043000 08:01 184245     /usr/lib/jvm/java-6-openjdk/jre/lib/i386/libfontmanager.so
00659000-0065a000 rw-p 00045000 08:01 184245     /usr/lib/jvm/java-6-openjdk/jre/lib/i386/libfontmanager.so
0065a000-0065f000 rw-p 00000000 00:00 0 
00677000-0067e000 r-xp 00000000 08:01 189029     /usr/lib/jvm/java-6-openjdk/jre/lib/i386/libnio.so
0067e000-0067f000 r--p 00006000 08:01 189029     /usr/lib/jvm/java-6-openjdk/jre/lib/i386/libnio.so
0067f000-00680000 rw-p 00007000 08:01 189029     /usr/lib/jvm/java-6-openjdk/jre/lib/i386/libnio.so
006a4000-006ab000 r-xp 00000000 08:01 189037     /usr/lib/jvm/java-6-openjdk/jre/lib/i386/libzip.so
006ab000-006ac000 r--p 00006000 08:01 189037     /usr/lib/jvm/java-6-openjdk/jre/lib/i386/libzip.so
006ac000-006ad000 rw-p 00007000 08:01 189037     /usr/lib/jvm/java-6-openjdk/jre/lib/i386/libzip.so
006d1000-006d4000 r-xp 00000000 08:01 184240     /usr/lib/jvm/java-6-openjdk/jre/lib/i386/jli/libjli.so
006d4000-006d5000 r--p 00003000 08:01 184240     /usr/lib/jvm/java-6-openjdk/jre/lib/i386/jli/libjli.so
006d5000-006d6000 rw-p 00004000 08:01 184240     /usr/lib/jvm/java-6-openjdk/jre/lib/i386/jli/libjli.so
006d6000-007e5000 r-xp 00000000 08:01 32750      /usr/lib/libnss3.so
007e5000-007e8000 r--p 0010e000 08:01 32750      /usr/lib/libnss3.so
007e8000-007ea000 rw-p 00111000 08:01 32750      /usr/lib/libnss3.so
0081a000-0081c000 r-xp 00000000 08:01 37638      /usr/lib/libplds4.so
0081c000-0081d000 r--p 00001000 08:01 37638      /usr/lib/libplds4.so
0081d000-0081e000 rw-p 00002000 08:01 37638      /usr/lib/libplds4.so
0085c000-00864000 r-xp 00000000 08:01 19402      /lib/tls/i686/cmov/libnss_nis-2.11.1.so
00864000-00865000 r--p 00007000 08:01 19402      /lib/tls/i686/cmov/libnss_nis-2.11.1.so
00865000-00866000 rw-p 00008000 08:01 19402      /lib/tls/i686/cmov/libnss_nis-2.11.1.so
00877000-0089b000 r-xp 00000000 08:01 187645     /usr/lib/jvm/java-6-openjdk/jre/lib/i386/libjava.so
0089b000-0089c000 r--p 00023000 08:01 187645     /usr/lib/jvm/java-6-openjdk/jre/lib/i386/libjava.so
0089c000-0089e000 rw-p 00024000 08:01 187645     /usr/lib/jvm/java-6-openjdk/jre/lib/i386/libjava.so
008b1000-008b4000 r-xp 00000000 08:01 37637      /usr/lib/libplc4.so
008b4000-008b5000 r--p 00002000 08:01 37637      /usr/lib/libplc4.so
008b5000-008b6000 rw-p 00003000 08:01 37637      /usr/lib/libplc4.so
00922000-00926000 r-xp 00000000 08:01 33560      /usr/lib/libXtst.so.6.1.0
00926000-00927000 r--p 00003000 08:01 33560      /usr/lib/libXtst.so.6.1.0
00927000-00928000 rw-p 00004000 08:01 33560      /usr/lib/libXtst.so.6.1.0
0093f000-00943000 r-xp 00000000 08:01 19374      /lib/tls/i686/cmov/libnss_dns-2.11.1.so
00943000-00944000 r--p 00004000 08:01 19374      /lib/tls/i686/cmov/libnss_dns-2.11.1.so
00944000-00945000 rw-p 00005000 08:01 19374      /lib/tls/i686/cmov/libnss_dns-2.11.1.so
0098e000-009a1000 r-xp 00000000 08:01 8318       /lib/libz.so.1.2.3.3
009a1000-009a2000 r--p 00012000 08:01 8318       /lib/libz.so.1.2.3.3
009a2000-009a3000 rw-p 00013000 08:01 8318       /lib/libz.so.1.2.3.3
009eb000-009f7000 r-xp 00000000 08:01 33540      /usr/lib/libXi.so.6.1.0
009f7000-009f8000 r--p 0000c000 08:01 33540      /usr/lib/libXi.so.6.1.0
009f8000-009f9000 rw-p 0000d000 08:01 33540      /usr/lib/libXi.so.6.1.0
00a22000-00b75000 r-xp 00000000 08:01 19333      /lib/tls/i686/cmov/libc-2.11.1.so
00b75000-00b76000 ---p 00153000 08:01 19333      /lib/tls/i686/cmov/libc-2.11.1.so
00b76000-00b78000 r--p 00153000 08:01 19333      /lib/tls/i686/cmov/libc-2.11.1.so
00b78000-00b79000 rw-p 00155000 08:01 19333      /lib/tls/i686/cmov/libc-2.11.1.so
00b79000-00b7c000 rw-p 00000000 00:00 0 
00b7c000-00bed000 r-xp 00000000 08:01 31186      /usr/lib/libfreetype.so.6.3.22
00bed000-00bf1000 r--p 00070000 08:01 31186      /usr/lib/libfreetype.so.6.3.22
00bf1000-00bf2000 rw-p 00074000 08:01 31186      /usr/lib/libfreetype.so.6.3.22
00c52000-00c80000 r-xp 00000000 08:01 189025     /usr/lib/jvm/java-6-openjdk/jre/lib/i386/liblcms.so
00c80000-00c81000 r--p 0002d000 08:01 189025     /usr/lib/jvm/java-6-openjdk/jre/lib/i386/liblcms.so
00c81000-00c82000 rw-p 0002e000 08:01 189025     /usr/lib/jvm/java-6-openjdk/jre/lib/i386/liblcms.so
00c82000-00c84000 rw-p 00000000 00:00 0 
00cdd000-00cdf000 r-xp 00000000 08:01 19339      /lib/tls/i686/cmov/libdl-2.11.1.so
00cdf000-00ce0000 r--p 00001000 08:01 19339      /lib/tls/i686/cmov/libdl-2.11.1.so
00ce0000-00ce1000 rw-p 00002000 08:01 19339      /lib/tls/i686/cmov/libdl-2.11.1.so
00d64000-00d9b000 r-xp 00000000 08:01 32744      /usr/lib/nss/libsoftokn3.so
00d9b000-00d9c000 r--p 00037000 08:01 32744      /usr/lib/nss/libsoftokn3.so
00d9c000-00d9d000 rw-p 00038000 08:01 32744      /usr/lib/nss/libsoftokn3.so
00f3f000-00f54000 r-xp 00000000 08:01 19435      /lib/tls/i686/cmov/libpthread-2.11.1.so
00f54000-00f55000 r--p 00014000 08:01 19435      /lib/tls/i686/cmov/libpthread-2.11.1.so
00f55000-00f56000 rw-p 00015000 08:01 19435      /lib/tls/i686/cmov/libpthread-2.11.1.so
00f56000-00f58000 rw-p 00000000 00:00 0 
00f58000-0161d000 r-xp 00000000 08:01 190192     /usr/lib/jvm/java-6-openjdk/jre/lib/i386/server/libjvm.so
0161d000-0161e000 ---p 006c5000 08:01 190192     /usr/lib/jvm/java-6-openjdk/jre/lib/i386/server/libjvm.so
0161e000-01663000 r--p 006c5000 08:01 190192     /usr/lib/jvm/java-6-openjdk/jre/lib/i386/server/libjvm.so
01663000-01672000 rw-p 0070a000 08:01 190192     /usr/lib/jvm/java-6-openjdk/jre/lib/i386/server/libjvm.so
01672000-01a91000 rw-p 00000000 00:00 0 
08048000-08051000 r-xp 00000000 08:01 195538     /usr/lib/jvm/java-6-openjdk/jre/bin/java
08051000-08052000 r--p 00008000 08:01 195538     /usr/lib/jvm/java-6-openjdk/jre/bin/java
08052000-08053000 rw-p 00009000 08:01 195538     /usr/lib/jvm/java-6-openjdk/jre/bin/java
0971c000-09d48000 rw-p 00000000 00:00 0          [heap]
87e00000-87ef0000 rw-p 00000000 00:00 0 
87ef0000-87f00000 ---p 00000000 00:00 0 
88200000-882ec000 rw-p 00000000 00:00 0 
882ec000-88300000 ---p 00000000 00:00 0 
88300000-88400000 rw-p 00000000 00:00 0 
88400000-884fb000 rw-p 00000000 00:00 0 
884fb000-88500000 ---p 00000000 00:00 0 
88500000-88600000 rw-p 00000000 00:00 0 
88600000-886f9000 rw-p 00000000 00:00 0 
886f9000-88700000 ---p 00000000 00:00 0 
88700000-887e1000 rw-p 00000000 00:00 0 
887e1000-88800000 ---p 00000000 00:00 0 
88800000-88900000 rw-p 00000000 00:00 0 
88900000-889fa000 rw-p 00000000 00:00 0 
889fa000-88a00000 ---p 00000000 00:00 0 
88a00000-88af9000 rw-p 00000000 00:00 0 
88af9000-88b00000 ---p 00000000 00:00 0 
88c00000-88cfe000 rw-p 00000000 00:00 0 
88cfe000-88d00000 ---p 00000000 00:00 0 
88d00000-88def000 rw-p 00000000 00:00 0 
88def000-88e00000 ---p 00000000 00:00 0 
88e00000-88efc000 rw-p 00000000 00:00 0 
88efc000-88f00000 ---p 00000000 00:00 0 
89000000-890fd000 rw-p 00000000 00:00 0 
890fd000-89100000 ---p 00000000 00:00 0 
89100000-891ec000 rw-p 00000000 00:00 0 
891ec000-89200000 ---p 00000000 00:00 0 
89200000-892f0000 rw-p 00000000 00:00 0 
892f0000-89300000 ---p 00000000 00:00 0 
89300000-893fe000 rw-p 00000000 00:00 0 
893fe000-89400000 ---p 00000000 00:00 0 
89400000-894fd000 rw-p 00000000 00:00 0 
894fd000-89500000 ---p 00000000 00:00 0 
89600000-896f4000 rw-p 00000000 00:00 0 
896f4000-89700000 ---p 00000000 00:00 0 
89800000-898fe000 rw-p 00000000 00:00 0 
898fe000-89900000 ---p 00000000 00:00 0 
89900000-899f2000 rw-p 00000000 00:00 0 
899f2000-89a00000 ---p 00000000 00:00 0 
89a00000-89af4000 rw-p 00000000 00:00 0 
89af4000-89b00000 ---p 00000000 00:00 0 
89b00000-89bfc000 rw-p 00000000 00:00 0 
89bfc000-89c00000 ---p 00000000 00:00 0 
89d00000-89df9000 rw-p 00000000 00:00 0 
89df9000-89e00000 ---p 00000000 00:00 0 
89e00000-89ef9000 rw-p 00000000 00:00 0 
89ef9000-89f00000 ---p 00000000 00:00 0 
89f00000-89ffd000 rw-p 00000000 00:00 0 
89ffd000-8a000000 ---p 00000000 00:00 0 
8a000000-8a0f9000 rw-p 00000000 00:00 0 
8a0f9000-8a100000 ---p 00000000 00:00 0 
8a100000-8a1f9000 rw-p 00000000 00:00 0 
8a1f9000-8a200000 ---p 00000000 00:00 0 
8a200000-8a2f9000 rw-p 00000000 00:00 0 
8a2f9000-8a300000 ---p 00000000 00:00 0 
8a300000-8a400000 rw-p 00000000 00:00 0 
8a500000-8a5fe000 rw-p 00000000 00:00 0 
8a5fe000-8a600000 ---p 00000000 00:00 0 
8a600000-8a6f5000 rw-p 00000000 00:00 0 
8a6f5000-8a700000 ---p 00000000 00:00 0 
8a700000-8a7f7000 rw-p 00000000 00:00 0 
8a7f7000-8a800000 ---p 00000000 00:00 0 
8a800000-8a8ff000 rw-p 00000000 00:00 0 
8a8ff000-8a900000 ---p 00000000 00:00 0 
8a900000-8a9fc000 rw-p 00000000 00:00 0 
8a9fc000-8aa00000 ---p 00000000 00:00 0 
8aa28000-8aa2b000 ---p 00000000 00:00 0 
8aa2b000-8aa79000 rw-p 00000000 00:00 0 
8aa79000-8aa7c000 ---p 00000000 00:00 0 
8aa7c000-8aaca000 rw-p 00000000 00:00 0 
8aaca000-8aacb000 r--s 00000000 08:01 120312     /var/cache/fontconfig/c05880de57d1f5e948fdfacc138775d9-le32d4.cache-3
8aacb000-8aad1000 r--s 00000000 08:01 120309     /var/cache/fontconfig/945677eb7aeaf62f1d50efc3fb3ec7d8-le32d4.cache-3
8aad1000-8aad3000 r--s 00000000 08:01 120310     /var/cache/fontconfig/99e8ed0e538f840c565b6ed5dad60d56-le32d4.cache-3
8aad3000-8aad6000 r--s 00000000 08:01 120319     /var/cache/fontconfig/e383d7ea5fbe662a33d9b44caf393297-le32d4.cache-3
8aad6000-8aadc000 r--s 00000000 08:01 121315     /var/cache/fontconfig/401a5dd6b567794a1d18dd9342dfa604-le32d4.cache-3
8aadc000-8aadf000 r--s 00000000 08:01 116888     /var/cache/fontconfig/2cd17615ca594fa2959ae173292e504c-le32d4.cache-3
8aadf000-8aae0000 r--s 00000000 08:01 120320     /var/cache/fontconfig/e7071f4a29fa870f4323321c154eba04-le32d4.cache-3
8aae0000-8aae3000 r--s 00000000 08:01 120306     /var/cache/fontconfig/6eb3985aa4124903f6ff08ba781cd364-le32d4.cache-3
8aae3000-8aae4000 r--s 00000000 08:01 120302     /var/cache/fontconfig/4c73fe0c47614734b17d736dbde7580a-le32d4.cache-3
8aae4000-8aae5000 r--s 00000000 08:01 120296     /var/cache/fontconfig/0d8c3b2ac0904cb8a57a757ad11a4a08-le32d4.cache-3
8aae5000-8aae6000 r--s 00000000 08:01 120304     /var/cache/fontconfig/6a53c69dea097a2d716e069445527da8-le32d4.cache-3
8aae6000-8aaea000 r--s 00000000 08:01 120311     /var/cache/fontconfig/a755afe4a08bf5b97852ceb7400b47bc-le32d4.cache-3
8aaea000-8aaee000 r--s 00000000 08:01 121317     /var/cache/fontconfig/515ca1ebc4b18308bea979be5704f9db-le32d4.cache-3
8aaee000-8aaf5000 r--s 00000000 08:01 121067     /var/cache/fontconfig/6d41288fd70b0be22e8c3a91e032eec0-le32d4.cache-3
8aaf5000-8ab00000 r--s 00000000 08:01 119946     /var/cache/fontconfig/0f34bcd4b6ee430af32735b75db7f02b-le32d4.cache-3
8ab00000-8abf9000 rw-p 00000000 00:00 0 
8abf9000-8ac00000 ---p 00000000 00:00 0 
8ac00000-8acfa000 rw-p 00000000 00:00 0 
8acfa000-8ad00000 ---p 00000000 00:00 0 
8ad00000-8add0000 rw-p 00000000 00:00 0 
8add0000-8ae00000 ---p 00000000 00:00 0 
8ae02000-8ae05000 r--s 00000000 08:01 120316     /var/cache/fontconfig/d60319d88cac85ba9e1a07bd06cfbb8c-le32d4.cache-3
8ae05000-8ae06000 r--s 00000000 08:01 119721     /var/cache/fontconfig/4794a0821666d79190d59a36cb4f44b5-le32d4.cache-3
8ae06000-8ae28000 r--s 00000000 08:01 120308     /var/cache/fontconfig/365b55f210c0a22e9a19e35191240f32-le32d4.cache-3
8ae28000-8ae30000 r--s 00000000 08:01 120315     /var/cache/fontconfig/d52a8644073d54c13679302ca1180695-le32d4.cache-3
8ae30000-8ae38000 r--s 00000000 08:01 121137     /var/cache/fontconfig/e13b20fdb08344e0e664864cc2ede53d-le32d4.cache-3
8ae38000-8ae3b000 r--s 00000000 08:01 36679      /var/cache/fontconfig/7ef2298fde41cc6eeb7af42e48b7d293-le32d4.cache-3
8ae3b000-8ae49000 r--s 00000000 08:01 121139     /var/cache/fontconfig/865f88548240fee46819705c6468c165-le32d4.cache-3
8ae49000-8ae4a000 r--s 00000000 08:01 120312     /var/cache/fontconfig/c05880de57d1f5e948fdfacc138775d9-le32d4.cache-3
8ae4a000-8ae50000 r--s 00000000 08:01 120309     /var/cache/fontconfig/945677eb7aeaf62f1d50efc3fb3ec7d8-le32d4.cache-3
8ae50000-8ae52000 r--s 00000000 08:01 120310     /var/cache/fontconfig/99e8ed0e538f840c565b6ed5dad60d56-le32d4.cache-3
8ae52000-8ae55000 r--s 00000000 08:01 120319     /var/cache/fontconfig/e383d7ea5fbe662a33d9b44caf393297-le32d4.cache-3
8ae55000-8ae5b000 r--s 00000000 08:01 121315     /var/cache/fontconfig/401a5dd6b567794a1d18dd9342dfa604-le32d4.cache-3
8ae5b000-8ae5e000 r--s 00000000 08:01 116888     /var/cache/fontconfig/2cd17615ca594fa2959ae173292e504c-le32d4.cache-3
8ae5e000-8ae5f000 r--s 00000000 08:01 120320     /var/cache/fontconfig/e7071f4a29fa870f4323321c154eba04-le32d4.cache-3
8ae5f000-8ae62000 r--s 00000000 08:01 120306     /var/cache/fontconfig/6eb3985aa4124903f6ff08ba781cd364-le32d4.cache-3
8ae62000-8ae63000 r--s 00000000 08:01 120302     /var/cache/fontconfig/4c73fe0c47614734b17d736dbde7580a-le32d4.cache-3
8ae63000-8ae64000 r--s 00000000 08:01 120296     /var/cache/fontconfig/0d8c3b2ac0904cb8a57a757ad11a4a08-le32d4.cache-3
8ae64000-8ae65000 r--s 00000000 08:01 120304     /var/cache/fontconfig/6a53c69dea097a2d716e069445527da8-le32d4.cache-3
8ae65000-8ae69000 r--s 00000000 08:01 120311     /var/cache/fontconfig/a755afe4a08bf5b97852ceb7400b47bc-le32d4.cache-3
8ae69000-8ae6d000 r--s 00000000 08:01 121317     /var/cache/fontconfig/515ca1ebc4b18308bea979be5704f9db-le32d4.cache-3
8ae6d000-8ae74000 r--s 00000000 08:01 121067     /var/cache/fontconfig/6d41288fd70b0be22e8c3a91e032eec0-le32d4.cache-3
8ae74000-8ae7f000 r--s 00000000 08:01 119946     /var/cache/fontconfig/0f34bcd4b6ee430af32735b75db7f02b-le32d4.cache-3
8ae7f000-8aea1000 r--s 00000000 08:01 120308     /var/cache/fontconfig/365b55f210c0a22e9a19e35191240f32-le32d4.cache-3
8aea1000-8aeaf000 r--s 00000000 08:01 121139     /var/cache/fontconfig/865f88548240fee46819705c6468c165-le32d4.cache-3
8aeaf000-8aeb2000 ---p 00000000 00:00 0 
8aeb2000-8af00000 rw-p 00000000 00:00 0 
8af00000-8afd4000 rw-p 00000000 00:00 0 
8afd4000-8b000000 ---p 00000000 00:00 0 
8b000000-8b0fd000 rw-p 00000000 00:00 0 
8b0fd000-8b100000 ---p 00000000 00:00 0 
8b100000-8b1ea000 rw-p 00000000 00:00 0 
8b1ea000-8b200000 ---p 00000000 00:00 0 
8b200000-8b2e1000 rw-p 00000000 00:00 0 
8b2e1000-8b300000 ---p 00000000 00:00 0 
8b300000-8b3fd000 rw-p 00000000 00:00 0 
8b3fd000-8b400000 ---p 00000000 00:00 0 
8b400000-8b500000 rw-p 00000000 00:00 0 
8b500000-8b5fb000 rw-p 00000000 00:00 0 
8b5fb000-8b600000 ---p 00000000 00:00 0 
8b602000-8b605000 r--s 00000000 08:01 120316     /var/cache/fontconfig/d60319d88cac85ba9e1a07bd06cfbb8c-le32d4.cache-3
8b605000-8b60d000 r--s 00000000 08:01 120315     /var/cache/fontconfig/d52a8644073d54c13679302ca1180695-le32d4.cache-3
8b60d000-8b610000 ---p 00000000 00:00 0 
8b610000-8b65e000 rw-p 00000000 00:00 0 
8b65e000-8b661000 ---p 00000000 00:00 0 
8b661000-8b6af000 rw-p 00000000 00:00 0 
8b6af000-8b6b2000 ---p 00000000 00:00 0 
8b6b2000-8b700000 rw-p 00000000 00:00 0 
8b700000-8b7fe000 rw-p 00000000 00:00 0 
8b7fe000-8b800000 ---p 00000000 00:00 0 
8b802000-8b80a000 r--s 00000000 08:01 121137     /var/cache/fontconfig/e13b20fdb08344e0e664864cc2ede53d-le32d4.cache-3
8b80a000-8b80d000 r--s 00000000 08:01 36679      /var/cache/fontconfig/7ef2298fde41cc6eeb7af42e48b7d293-le32d4.cache-3
8b80d000-8b86c000 r--s 00468000 08:01 1576614    /home/patrick/workspace/AlgebraEditor/war/WEB-INF/lib/gwt-servlet.jar
8b86c000-8b86f000 ---p 00000000 00:00 0 
8b86f000-8b8bd000 rw-p 00000000 00:00 0 
8b8bd000-8b8c1000 r--s 0007c000 08:01 18017      /usr/lib/jvm/java-6-openjdk/jre/lib/jsse.jar
8b8c1000-8b8c7000 r--s 000fc000 08:01 18029      /usr/lib/jvm/java-6-openjdk/jre/lib/resources.jar
8b8c7000-8b8ca000 ---p 00000000 00:00 0 
8b8ca000-8b918000 rw-p 00000000 00:00 0 
8b918000-8b91b000 ---p 00000000 00:00 0 
8b91b000-8b969000 rw-p 00000000 00:00 0 
8b969000-8b96c000 r--s 00077000 08:01 17998      /usr/lib/jvm/java-6-openjdk/jre/lib/ext/localedata.jar
8b96c000-8b96e000 r--s 00001000 08:01 17995      /usr/lib/jvm/java-6-openjdk/jre/lib/ext/dnsns.jar
8b96e000-8b971000 r--s 00038000 08:01 17991      /usr/lib/jvm/java-6-openjdk/jre/lib/ext/sunpkcs11.jar
8b971000-8b974000 r--s 00031000 08:01 18001      /usr/lib/jvm/java-6-openjdk/jre/lib/ext/sunjce_provider.jar
8b974000-8b977000 ---p 00000000 00:00 0 
8b977000-8b9c5000 rw-p 00000000 00:00 0 
8b9c5000-8b9c8000 ---p 00000000 00:00 0 
8b9c8000-8ba16000 rw-p 00000000 00:00 0 
8ba16000-8ba19000 r--s 00009000 08:01 937543     /home/patrick/Downloads/gwt-2.3.0/validation-api-1.0.0.GA.jar
8ba19000-8ba1c000 ---p 00000000 00:00 0 
8ba1c000-8ba6a000 rw-p 00000000 00:00 0 
8ba6a000-8ba6d000 ---p 00000000 00:00 0 
8ba6d000-8babb000 rw-p 00000000 00:00 0 
8babb000-8babe000 ---p 00000000 00:00 0 
8babe000-8bb0c000 rw-p 00000000 00:00 0 
8bb0c000-8bb0f000 ---p 00000000 00:00 0 
8bb0f000-8bb8b000 rw-p 00000000 00:00 0 
8bb8b000-8bcfb000 r--s 01951000 08:01 937535     /home/patrick/Downloads/gwt-2.3.0/gwt-dev.jar
8bcfb000-8bdcc000 r--s 00a99000 08:01 937536     /home/patrick/Downloads/gwt-2.3.0/gwt-user.jar
8bdcc000-8bdd2000 r--s 00075000 08:01 1577814    /home/patrick/workspace/AlgebraEditor/war/WEB-INF/lib/postgresql-9.0-801.jdbc3.jar
8bdd2000-8bddb000 r--s 0006d000 08:01 1586391    /home/patrick/workspace/AlgebraEditor/war/WEB-INF/lib/log4j-1.2.16.jar
8bddb000-8bddc000 ---p 00000000 00:00 0 
8bddc000-8be5c000 rw-p 00000000 00:00 0 
8be5c000-8be5f000 ---p 00000000 00:00 0 
8be5f000-8bead000 rw-p 00000000 00:00 0 
8bead000-8beb0000 ---p 00000000 00:00 0 
8beb0000-8bf2e000 rw-p 00000000 00:00 0 
8bf2e000-8bf31000 ---p 00000000 00:00 0 
8bf31000-8bfaf000 rw-p 00000000 00:00 0 
8bfaf000-8bfb2000 ---p 00000000 00:00 0 
8bfb2000-8c000000 rw-p 00000000 00:00 0 
8c000000-8c0fe000 rw-p 00000000 00:00 0 
8c0fe000-8c100000 ---p 00000000 00:00 0 
8c100000-8c102000 r--s 00013000 08:01 18014      /usr/lib/jvm/java-6-openjdk/jre/lib/jce.jar
8c102000-8c104000 r--s 00009000 08:01 1573110    /home/patrick/workspace/AlgebraEditor/war/WEB-INF/lib/commons-dbutils-1.3.jar
8c104000-8c107000 r--s 00023000 08:01 1577906    /home/patrick/workspace/AlgebraEditor/war/WEB-INF/lib/jdom.jar
8c107000-8c10a000 r--s 00012000 08:01 1586389    /home/patrick/workspace/AlgebraEditor/war/WEB-INF/lib/commons-io-1.3.1.jar
8c10a000-8c10c000 r--s 0000d000 08:01 1586071    /home/patrick/workspace/AlgebraEditor/war/WEB-INF/lib/commons-fileupload-1.2.2.jar
8c10c000-8c110000 r--s 00029000 08:01 1580846    /home/patrick/workspace/AlgebraEditor/war/WEB-INF/lib/gwtupload-0.6.3-compat.jar
8c110000-8c117000 r--s 00000000 08:01 46330      /usr/lib/gconv/gconv-modules.cache
8c117000-8c156000 r--p 00000000 08:01 38352      /usr/lib/locale/de_DE.utf8/LC_CTYPE
8c156000-8c159000 ---p 00000000 00:00 0 
8c159000-8c1a7000 rw-p 00000000 00:00 0 
8c1a7000-8c1aa000 ---p 00000000 00:00 0 
8c1aa000-8c1f8000 rw-p 00000000 00:00 0 
8c1f8000-8c1f9000 ---p 00000000 00:00 0 
8c1f9000-8c279000 rw-p 00000000 00:00 0 
8c279000-8c27b000 r--s 0001d000 08:01 18028      /usr/lib/jvm/java-6-openjdk/jre/lib/plugin.jar
8c27b000-8c280000 r--s 00044000 08:01 18027      /usr/lib/jvm/java-6-openjdk/jre/lib/netx.jar
8c280000-8c2b3000 rw-p 00000000 00:00 0 
8c2b3000-8c442000 r--s 038c2000 08:01 18036      /usr/lib/jvm/java-6-openjdk/jre/lib/rt.jar
8c442000-8c443000 ---p 00000000 00:00 0 
8c443000-8c4c3000 rw-p 00000000 00:00 0 
8c4c3000-8c4c4000 ---p 00000000 00:00 0 
8c4c4000-8c553000 rw-p 00000000 00:00 0 
8c553000-8c584000 rw-p 00000000 00:00 0 
8c584000-8c5c1000 rw-p 00000000 00:00 0 
8c5c1000-8c62f000 rw-p 00000000 00:00 0 
8c62f000-8c63e000 rw-p 00000000 00:00 0 
8c63e000-8c66f000 rw-p 00000000 00:00 0 
8c66f000-8c6ac000 rw-p 00000000 00:00 0 
8c6ac000-8c719000 rw-p 00000000 00:00 0 
8c719000-8c76f000 rw-p 00000000 00:00 0 
8c76f000-8e4f0000 rw-p 00000000 00:00 0 
8e4f0000-94770000 rw-p 00000000 00:00 0 
94770000-9bf90000 rw-p 00000000 00:00 0 
9bf90000-a9cd0000 rw-p 00000000 00:00 0 
a9cd0000-b4770000 rw-p 00000000 00:00 0 
b4770000-b4772000 r--s 0000e000 08:01 937544     /home/patrick/Downloads/gwt-2.3.0/validation-api-1.0.0.GA-sources.jar
b4772000-b478d000 rw-p 00000000 00:00 0 
b478d000-b4832000 rw-p 00000000 00:00 0 
b4832000-b4eea000 rwxp 00000000 00:00 0 
b4eea000-b7832000 rw-p 00000000 00:00 0 
b7832000-b7835000 ---p 00000000 00:00 0 
b7835000-b7886000 rw-p 00000000 00:00 0 
b7886000-b7887000 r--s 00000000 08:01 119721     /var/cache/fontconfig/4794a0821666d79190d59a36cb4f44b5-le32d4.cache-3
b7887000-b788a000 r--s 0000f000 08:01 18003      /usr/lib/jvm/java-6-openjdk/jre/lib/ext/pulse-java.jar
b788a000-b7893000 r--s 00065000 08:01 90785      /usr/share/java/gnome-java-bridge.jar
b7893000-b789b000 rw-s 00000000 08:01 1334262    /tmp/hsperfdata_patrick/5902
b789b000-b789c000 rw-p 00000000 00:00 0 
b789c000-b789d000 r--p 00000000 00:00 0 
b789d000-b789f000 rw-p 00000000 00:00 0 
bfc64000-bfc79000 rw-p 00000000 00:00 0          [stack]

VM Arguments:
jvm_args: -Xmx512m -Dfile.encoding=UTF-8 
java_command: com.google.gwt.dev.DevMode -remoteUI 45832:7092883208284 -startupUrl AlgebraEditor.html -logLevel INFO -codeServerPort 9997 -port 8888 -war /home/patrick/workspace/AlgebraEditor/war com.algebraweb.editor.AlgebraEditor com.algebraweb.editor.AlgebraEditor
Launcher Type: SUN_STANDARD

Environment Variables:
PATH=/usr/local/sbin:/usr/local/bin:/usr/sbin:/usr/bin:/sbin:/bin:/usr/games
USERNAME=patrick
LD_LIBRARY_PATH=/usr/lib/jvm/java-6-openjdk/jre/lib/i386/server:/usr/lib/jvm/java-6-openjdk/jre/lib/i386:/usr/lib/jvm/java-6-openjdk/jre/../lib/i386:/usr/lib/jvm/java-6-openjdk/jre/lib/i386/client:/usr/lib/jvm/java-6-openjdk/jre/lib/i386:/usr/lib/xulrunner-1.9.2.18:/usr/lib/xulrunner-1.9.2.18
SHELL=/bin/bash
DISPLAY=:0.0

Signal Handlers:
SIGSEGV: [libjvm.so+0x649f80], sa_mask[0]=0x7ffbfeff, sa_flags=0x10000004
SIGBUS: [libjvm.so+0x649f80], sa_mask[0]=0x7ffbfeff, sa_flags=0x10000004
SIGFPE: [libjvm.so+0x51c010], sa_mask[0]=0x7ffbfeff, sa_flags=0x10000004
SIGPIPE: SIG_IGN, sa_mask[0]=0x00000000, sa_flags=0x00000000
SIGXFSZ: [libjvm.so+0x51c010], sa_mask[0]=0x7ffbfeff, sa_flags=0x10000004
SIGILL: [libjvm.so+0x51c010], sa_mask[0]=0x7ffbfeff, sa_flags=0x10000004
SIGUSR1: SIG_DFL, sa_mask[0]=0x00000000, sa_flags=0x00000000
SIGUSR2: [libjvm.so+0x51b6c0], sa_mask[0]=0x00000004, sa_flags=0x10000004
SIGHUP: [libjvm.so+0x51e230], sa_mask[0]=0x7ffbfeff, sa_flags=0x10000004
SIGINT: SIG_IGN, sa_mask[0]=0x00000000, sa_flags=0x00000000
SIGTERM: [libjvm.so+0x51e230], sa_mask[0]=0x7ffbfeff, sa_flags=0x10000004
SIGQUIT: [libjvm.so+0x51e230], sa_mask[0]=0x7ffbfeff, sa_flags=0x10000004


---------------  S Y S T E M  ---------------

OS:Ubuntu 10.04 (lucid)
uname:Linux 2.6.32-33-generic #69-Ubuntu SMP Mon Jun 27 15:36:47 UTC 2011 i686
libc:glibc 2.11.1 NPTL 2.11.1 
rlimit: STACK 8192k, CORE 0k, NPROC infinity, NOFILE 1024, AS infinity
load average:0.46 0.48 0.38

/proc/meminfo:
MemTotal:        3095752 kB
MemFree:          546164 kB
Buffers:          152560 kB
Cached:           867164 kB
SwapCached:            0 kB
Active:          1759320 kB
Inactive:         673968 kB
Active(anon):    1414528 kB
Inactive(anon):     6508 kB
Active(file):     344792 kB
Inactive(file):   667460 kB
Unevictable:          16 kB
Mlocked:              16 kB
HighTotal:       2235208 kB
HighFree:           2728 kB
LowTotal:         860544 kB
LowFree:          543436 kB
SwapTotal:       4714488 kB
SwapFree:        4714488 kB
Dirty:              1828 kB
Writeback:             0 kB
AnonPages:       1413600 kB
Mapped:           169888 kB
Shmem:              7584 kB
Slab:              45388 kB
SReclaimable:      33032 kB
SUnreclaim:        12356 kB
KernelStack:        3416 kB
PageTables:         8188 kB
NFS_Unstable:          0 kB
Bounce:                0 kB
WritebackTmp:          0 kB
CommitLimit:     6262364 kB
Committed_AS:    2732948 kB
VmallocTotal:     122880 kB
VmallocUsed:       55552 kB
VmallocChunk:      60692 kB
HardwareCorrupted:     0 kB
HugePages_Total:       0
HugePages_Free:        0
HugePages_Rsvd:        0
HugePages_Surp:        0
Hugepagesize:       4096 kB
DirectMap4k:       12280 kB
DirectMap4M:      897024 kB


CPU:total 2 (2 cores per cpu, 1 threads per core) family 6 model 15 stepping 2, cmov, cx8, fxsr, mmx, sse, sse2, sse3, ssse3

Memory: 4k page, physical 3095752k(546164k free), swap 4714488k(4714488k free)

vm_info: OpenJDK Server VM (19.0-b09) for linux-x86 JRE (1.6.0_20-b20), built on Jun 14 2011 22:20:13 by "buildd" with gcc 4.4.3

time: Wed Jul  6 14:30:38 2011
elapsed time: 2063 seconds

