#
# A fatal error has been detected by the Java Runtime Environment:
#
#  SIGSEGV (0xb) at pc=0xb4d22b1d, pid=11215, tid=2334788464
#
# JRE version: 6.0_20-b20
# Java VM: OpenJDK Server VM (19.0-b09 mixed mode linux-x86 )
# Derivative: IcedTea6 1.9.9
# Distribution: Ubuntu 10.04.1 LTS, package 6b20-1.9.9-0ubuntu1~10.04.2
# Problematic frame:
# J  com.google.gwt.dev.javac.typemodel.JClassType.areClassTypesAssignable(Lcom/google/gwt/core/ext/typeinfo/JClassType;Lcom/google/gwt/core/ext/typeinfo/JClassType;)Z
#
# If you would like to submit a bug report, please include
# instructions how to reproduce the bug and visit:
#   https://bugs.launchpad.net/ubuntu/+source/openjdk-6/
#

---------------  T H R E A D  ---------------

Current thread (0x8ba74800):  JavaThread "Code server for algebraeditor from Mozilla/5.0 (X11; Linux i686; rv:5.0) Gecko/20100101 Firefox/5.0 on http://127.0.0.1:8888/AlgebraEditor.html?gwt.codesvr=127.0.0.1:9997 @ /A5-bZZ4:rp;XfO," daemon [_thread_in_Java, id=11248, stack(0x8b250000,0x8b2a1000)]

siginfo:si_signo=SIGSEGV: si_errno=0, si_code=128 (), si_addr=0x00000000

Registers:
EAX=0xaa995af8, EBX=0x8b29f040, ECX=0x8cde8e90, EDX=0x00000000
ESP=0x8b29f040, EBP=0x00000000, ESI=0xb4d22bec, EDI=0x00000000
EIP=0xb4d22b1d, CR2=0xb78cd000, EFLAGS=0x00010216

Register to memory mapping:

EAX=0xaa995af8

[error occurred during error reporting (printing registers, top of stack, instructions near pc), id 0xe0000000]

Stack: [0x8b250000,0x8b2a1000],  sp=0x8b29f040,  free space=316k
Native frames: (J=compiled Java code, j=interpreted, Vv=VM code, C=native code)
J  com.google.gwt.dev.javac.typemodel.JClassType.areClassTypesAssignable(Lcom/google/gwt/core/ext/typeinfo/JClassType;Lcom/google/gwt/core/ext/typeinfo/JClassType;)Z

[error occurred during error reporting (printing native stack), id 0xb]


---------------  P R O C E S S  ---------------

Java Threads: ( => current thread )
=>0x8ba74800 JavaThread "Code server for algebraeditor from Mozilla/5.0 (X11; Linux i686; rv:5.0) Gecko/20100101 Firefox/5.0 on http://127.0.0.1:8888/AlgebraEditor.html?gwt.codesvr=127.0.0.1:9997 @ /A5-bZZ4:rp;XfO," daemon [_thread_in_Java, id=11248, stack(0x8b250000,0x8b2a1000)]
  0x0837ac00 JavaThread "btpool0-2" [_thread_blocked, id=11247, stack(0x8b6af000,0x8b700000)]
  0x8b34cc00 JavaThread "Timer-1" daemon [_thread_blocked, id=11244, stack(0x8b60d000,0x8b65e000)]
  0x8b329400 JavaThread "btpool0-1 - Acceptor0 SelectChannelConnector@127.0.0.1:8888" [_thread_in_native, id=11243, stack(0x8b65e000,0x8b6af000)]
  0x8b328c00 JavaThread "btpool0-0" [_thread_blocked, id=11242, stack(0x8b90d000,0x8b95e000)]
  0x8ba88800 JavaThread "GC Daemon" daemon [_thread_blocked, id=11241, stack(0x8b95e000,0x8b9af000)]
  0x8ba62800 JavaThread "com.google.gwt.thirdparty.guava.common.base.internal.Finalizer" daemon [_thread_blocked, id=11239, stack(0x8b81a000,0x8b86b000)]
  0x8ba63000 JavaThread "Timer-0" daemon [_thread_blocked, id=11238, stack(0x8b86b000,0x8b8bc000)]
  0x8ba67800 JavaThread "Code server listener" daemon [_thread_in_native, id=11237, stack(0x8b8bc000,0x8b90d000)]
  0x8ba40c00 JavaThread "Thread-1" daemon [_thread_blocked, id=11234, stack(0x8b9af000,0x8ba00000)]
  0x8ba5d000 JavaThread "Thread-0" [_thread_in_native, id=11233, stack(0x8bb38000,0x8bb89000)]
  0x082b2c00 JavaThread "Low Memory Detector" daemon [_thread_blocked, id=11229, stack(0x8c01d000,0x8c06e000)]
  0x082b1000 JavaThread "CompilerThread1" daemon [_thread_in_native, id=11228, stack(0x8be7f000,0x8bf00000)]
  0x082af000 JavaThread "CompilerThread0" daemon [_thread_in_vm, id=11227, stack(0x8c06e000,0x8c0ef000)]
  0x082ad800 JavaThread "Signal Dispatcher" daemon [_thread_blocked, id=11226, stack(0x8c0ef000,0x8c140000)]
  0x0829a400 JavaThread "Finalizer" daemon [_thread_blocked, id=11225, stack(0x8c186000,0x8c1d7000)]
  0x08298c00 JavaThread "Reference Handler" daemon [_thread_blocked, id=11224, stack(0x8c1d7000,0x8c228000)]
  0x0820f000 JavaThread "main" [_thread_blocked, id=11220, stack(0xb7863000,0xb78b4000)]

Other Threads:
  0x08294c00 VMThread [stack: 0x8c228000,0x8c2a9000] [id=11223]
  0x082b4c00 WatcherThread [stack: 0x8bdfe000,0x8be7f000] [id=11230]

VM state:not at safepoint (normal execution)

VM Mutex/Monitor currently owned by a thread:  ([mutex/lock_event])
[0x0820d438] CompiledIC_lock - owner thread: 0x082af000

Heap
 PSYoungGen      total 127296K, used 22864K [0xa9d00000, 0xb47a0000, 0xb47a0000)
  eden space 82112K, 17% used [0xa9d00000,0xaab23dc0,0xaed30000)
  from space 45184K, 18% used [0xb1870000,0xb20a0360,0xb4490000)
  to   space 44288K, 0% used [0xaed30000,0xaed30000,0xb1870000)
 PSOldGen        total 114496K, used 44480K [0x947a0000, 0x9b770000, 0xa9d00000)
  object space 114496K, 38% used [0x947a0000,0x97310180,0x9b770000)
 PSPermGen       total 30208K, used 21390K [0x8c7a0000, 0x8e520000, 0x947a0000)
  object space 30208K, 70% used [0x8c7a0000,0x8dc838c8,0x8e520000)

Dynamic libraries:
00110000-00117000 r-xp 00000000 08:01 21684      /lib/tls/i686/cmov/librt-2.11.1.so
00117000-00118000 r--p 00006000 08:01 21684      /lib/tls/i686/cmov/librt-2.11.1.so
00118000-00119000 rw-p 00007000 08:01 21684      /lib/tls/i686/cmov/librt-2.11.1.so
00119000-00125000 r-xp 00000000 08:01 222673     /usr/lib/jvm/java-6-openjdk/jre/lib/i386/libverify.so
00125000-00126000 r--p 0000b000 08:01 222673     /usr/lib/jvm/java-6-openjdk/jre/lib/i386/libverify.so
00126000-00127000 rw-p 0000c000 08:01 222673     /usr/lib/jvm/java-6-openjdk/jre/lib/i386/libverify.so
00127000-0013a000 r-xp 00000000 08:01 19372      /lib/tls/i686/cmov/libnsl-2.11.1.so
0013a000-0013b000 r--p 00012000 08:01 19372      /lib/tls/i686/cmov/libnsl-2.11.1.so
0013b000-0013c000 rw-p 00013000 08:01 19372      /lib/tls/i686/cmov/libnsl-2.11.1.so
0013c000-0013e000 rw-p 00000000 00:00 0 
0013e000-00152000 r-xp 00000000 08:01 222661     /usr/lib/jvm/java-6-openjdk/jre/lib/i386/libnet.so
00152000-00153000 r--p 00013000 08:01 222661     /usr/lib/jvm/java-6-openjdk/jre/lib/i386/libnet.so
00153000-00154000 rw-p 00014000 08:01 222661     /usr/lib/jvm/java-6-openjdk/jre/lib/i386/libnet.so
00154000-001d9000 r-xp 00000000 08:01 219123     /usr/lib/jvm/java-6-openjdk/jre/lib/i386/libawt.so
001d9000-001da000 r--p 00085000 08:01 219123     /usr/lib/jvm/java-6-openjdk/jre/lib/i386/libawt.so
001da000-001e0000 rw-p 00086000 08:01 219123     /usr/lib/jvm/java-6-openjdk/jre/lib/i386/libawt.so
001e0000-00205000 rw-p 00000000 00:00 0 
00205000-0024a000 r-xp 00000000 08:01 189023     /usr/lib/jvm/java-6-openjdk/jre/lib/i386/xawt/libmawt.so
0024a000-0024b000 r--p 00044000 08:01 189023     /usr/lib/jvm/java-6-openjdk/jre/lib/i386/xawt/libmawt.so
0024b000-0024d000 rw-p 00045000 08:01 189023     /usr/lib/jvm/java-6-openjdk/jre/lib/i386/xawt/libmawt.so
0024d000-0024e000 rw-p 00000000 00:00 0 
0024e000-00251000 r-xp 00000000 08:01 37637      /usr/lib/libplc4.so
00251000-00252000 r--p 00002000 08:01 37637      /usr/lib/libplc4.so
00252000-00253000 rw-p 00003000 08:01 37637      /usr/lib/libplc4.so
00253000-003a6000 r-xp 00000000 08:01 19333      /lib/tls/i686/cmov/libc-2.11.1.so
003a6000-003a7000 ---p 00153000 08:01 19333      /lib/tls/i686/cmov/libc-2.11.1.so
003a7000-003a9000 r--p 00153000 08:01 19333      /lib/tls/i686/cmov/libc-2.11.1.so
003a9000-003aa000 rw-p 00155000 08:01 19333      /lib/tls/i686/cmov/libc-2.11.1.so
003aa000-003ad000 rw-p 00000000 00:00 0 
003ad000-003b9000 r-xp 00000000 08:01 33540      /usr/lib/libXi.so.6.1.0
003b9000-003ba000 r--p 0000c000 08:01 33540      /usr/lib/libXi.so.6.1.0
003ba000-003bb000 rw-p 0000d000 08:01 33540      /usr/lib/libXi.so.6.1.0
003bb000-003d3000 r-xp 00000000 08:01 34522      /usr/lib/libxcb.so.1.1.0
003d3000-003d4000 r--p 00017000 08:01 34522      /usr/lib/libxcb.so.1.1.0
003d4000-003d5000 rw-p 00018000 08:01 34522      /usr/lib/libxcb.so.1.1.0
003d5000-003ea000 r-xp 00000000 08:01 31650      /usr/lib/libnssutil3.so
003ea000-003ed000 r--p 00014000 08:01 31650      /usr/lib/libnssutil3.so
003ed000-003ee000 rw-p 00017000 08:01 31650      /usr/lib/libnssutil3.so
003ee000-0041f000 r-xp 00000000 08:01 37636      /usr/lib/libnspr4.so
0041f000-00420000 r--p 00030000 08:01 37636      /usr/lib/libnspr4.so
00420000-00421000 rw-p 00031000 08:01 37636      /usr/lib/libnspr4.so
00421000-00423000 rw-p 00000000 00:00 0 
0045e000-00464000 r-xp 00000000 08:01 19373      /lib/tls/i686/cmov/libnss_compat-2.11.1.so
00464000-00465000 r--p 00006000 08:01 19373      /lib/tls/i686/cmov/libnss_compat-2.11.1.so
00465000-00466000 rw-p 00007000 08:01 19373      /lib/tls/i686/cmov/libnss_compat-2.11.1.so
00492000-004ad000 r-xp 00000000 08:01 8200       /lib/ld-2.11.1.so
004ad000-004ae000 r--p 0001a000 08:01 8200       /lib/ld-2.11.1.so
004ae000-004af000 rw-p 0001b000 08:01 8200       /lib/ld-2.11.1.so
004af000-004fa000 r-xp 00000000 08:01 31812      /usr/lib/nss/libfreebl3.so
004fa000-004fb000 r--p 0004a000 08:01 31812      /usr/lib/nss/libfreebl3.so
004fb000-004fc000 rw-p 0004b000 08:01 31812      /usr/lib/nss/libfreebl3.so
004fc000-00500000 rw-p 00000000 00:00 0 
0054c000-0055a000 r-xp 00000000 08:01 219324     /usr/lib/jvm/java-6-openjdk/jre/lib/i386/libj2pkcs11.so
0055a000-0055b000 r--p 0000d000 08:01 219324     /usr/lib/jvm/java-6-openjdk/jre/lib/i386/libj2pkcs11.so
0055b000-0055c000 rw-p 0000e000 08:01 219324     /usr/lib/jvm/java-6-openjdk/jre/lib/i386/libj2pkcs11.so
00566000-0056d000 r-xp 00000000 08:01 222676     /usr/lib/jvm/java-6-openjdk/jre/lib/i386/libzip.so
0056d000-0056e000 r--p 00006000 08:01 222676     /usr/lib/jvm/java-6-openjdk/jre/lib/i386/libzip.so
0056e000-0056f000 rw-p 00007000 08:01 222676     /usr/lib/jvm/java-6-openjdk/jre/lib/i386/libzip.so
005f2000-00616000 r-xp 00000000 08:01 219505     /usr/lib/jvm/java-6-openjdk/jre/lib/i386/libjava.so
00616000-00617000 r--p 00023000 08:01 219505     /usr/lib/jvm/java-6-openjdk/jre/lib/i386/libjava.so
00617000-00619000 rw-p 00024000 08:01 219505     /usr/lib/jvm/java-6-openjdk/jre/lib/i386/libjava.so
0066c000-00674000 r-xp 00000000 08:01 19402      /lib/tls/i686/cmov/libnss_nis-2.11.1.so
00674000-00675000 r--p 00007000 08:01 19402      /lib/tls/i686/cmov/libnss_nis-2.11.1.so
00675000-00676000 rw-p 00008000 08:01 19402      /lib/tls/i686/cmov/libnss_nis-2.11.1.so
00676000-0078f000 r-xp 00000000 08:01 33515      /usr/lib/libX11.so.6.3.0
0078f000-00790000 r--p 00118000 08:01 33515      /usr/lib/libX11.so.6.3.0
00790000-00792000 rw-p 00119000 08:01 33515      /usr/lib/libX11.so.6.3.0
00792000-00793000 rw-p 00000000 00:00 0 
007a0000-007a7000 r-xp 00000000 08:01 222662     /usr/lib/jvm/java-6-openjdk/jre/lib/i386/libnio.so
007a7000-007a8000 r--p 00006000 08:01 222662     /usr/lib/jvm/java-6-openjdk/jre/lib/i386/libnio.so
007a8000-007a9000 rw-p 00007000 08:01 222662     /usr/lib/jvm/java-6-openjdk/jre/lib/i386/libnio.so
007ab000-007b4000 r-xp 00000000 08:01 219779     /usr/lib/jvm/java-6-openjdk/jre/lib/i386/libjpeg.so
007b4000-007b5000 r--p 00008000 08:01 219779     /usr/lib/jvm/java-6-openjdk/jre/lib/i386/libjpeg.so
007b5000-007b6000 rw-p 00009000 08:01 219779     /usr/lib/jvm/java-6-openjdk/jre/lib/i386/libjpeg.so
007cd000-007cf000 r-xp 00000000 08:01 33519      /usr/lib/libXau.so.6.0.0
007cf000-007d0000 r--p 00001000 08:01 33519      /usr/lib/libXau.so.6.0.0
007d0000-007d1000 rw-p 00002000 08:01 33519      /usr/lib/libXau.so.6.0.0
00826000-00827000 r-xp 00000000 00:00 0          [vdso]
00841000-00851000 r-xp 00000000 08:01 19451      /lib/tls/i686/cmov/libresolv-2.11.1.so
00851000-00852000 r--p 00010000 08:01 19451      /lib/tls/i686/cmov/libresolv-2.11.1.so
00852000-00853000 rw-p 00011000 08:01 19451      /lib/tls/i686/cmov/libresolv-2.11.1.so
00853000-00855000 rw-p 00000000 00:00 0 
0085b000-00869000 r-xp 00000000 08:01 33532      /usr/lib/libXext.so.6.4.0
00869000-0086a000 r--p 0000d000 08:01 33532      /usr/lib/libXext.so.6.4.0
0086a000-0086b000 rw-p 0000e000 08:01 33532      /usr/lib/libXext.so.6.4.0
008cc000-008ce000 r-xp 00000000 08:01 19339      /lib/tls/i686/cmov/libdl-2.11.1.so
008ce000-008cf000 r--p 00001000 08:01 19339      /lib/tls/i686/cmov/libdl-2.11.1.so
008cf000-008d0000 rw-p 00002000 08:01 19339      /lib/tls/i686/cmov/libdl-2.11.1.so
008db000-00912000 r-xp 00000000 08:01 32744      /usr/lib/nss/libsoftokn3.so
00912000-00913000 r--p 00037000 08:01 32744      /usr/lib/nss/libsoftokn3.so
00913000-00914000 rw-p 00038000 08:01 32744      /usr/lib/nss/libsoftokn3.so
0097e000-00988000 r-xp 00000000 08:01 19379      /lib/tls/i686/cmov/libnss_files-2.11.1.so
00988000-00989000 r--p 00009000 08:01 19379      /lib/tls/i686/cmov/libnss_files-2.11.1.so
00989000-0098a000 rw-p 0000a000 08:01 19379      /lib/tls/i686/cmov/libnss_files-2.11.1.so
0098c000-0098e000 r-xp 00000000 08:01 37638      /usr/lib/libplds4.so
0098e000-0098f000 r--p 00001000 08:01 37638      /usr/lib/libplds4.so
0098f000-00990000 rw-p 00002000 08:01 37638      /usr/lib/libplds4.so
009aa000-009ae000 r-xp 00000000 08:01 19374      /lib/tls/i686/cmov/libnss_dns-2.11.1.so
009ae000-009af000 r--p 00004000 08:01 19374      /lib/tls/i686/cmov/libnss_dns-2.11.1.so
009af000-009b0000 rw-p 00005000 08:01 19374      /lib/tls/i686/cmov/libnss_dns-2.11.1.so
009f5000-00a19000 r-xp 00000000 08:01 19340      /lib/tls/i686/cmov/libm-2.11.1.so
00a19000-00a1a000 r--p 00023000 08:01 19340      /lib/tls/i686/cmov/libm-2.11.1.so
00a1a000-00a1b000 rw-p 00024000 08:01 19340      /lib/tls/i686/cmov/libm-2.11.1.so
00a71000-00a9f000 r-xp 00000000 08:01 219880     /usr/lib/jvm/java-6-openjdk/jre/lib/i386/liblcms.so
00a9f000-00aa0000 r--p 0002d000 08:01 219880     /usr/lib/jvm/java-6-openjdk/jre/lib/i386/liblcms.so
00aa0000-00aa1000 rw-p 0002e000 08:01 219880     /usr/lib/jvm/java-6-openjdk/jre/lib/i386/liblcms.so
00aa1000-00aa3000 rw-p 00000000 00:00 0 
00aa5000-00aa9000 r-xp 00000000 08:01 33560      /usr/lib/libXtst.so.6.1.0
00aa9000-00aaa000 r--p 00003000 08:01 33560      /usr/lib/libXtst.so.6.1.0
00aaa000-00aab000 rw-p 00004000 08:01 33560      /usr/lib/libXtst.so.6.1.0
00aef000-00b04000 r-xp 00000000 08:01 19435      /lib/tls/i686/cmov/libpthread-2.11.1.so
00b04000-00b05000 r--p 00014000 08:01 19435      /lib/tls/i686/cmov/libpthread-2.11.1.so
00b05000-00b06000 rw-p 00015000 08:01 19435      /lib/tls/i686/cmov/libpthread-2.11.1.so
00b06000-00b08000 rw-p 00000000 00:00 0 
00b17000-00b1b000 r-xp 00000000 08:01 33530      /usr/lib/libXdmcp.so.6.0.0
00b1b000-00b1c000 r--p 00003000 08:01 33530      /usr/lib/libXdmcp.so.6.0.0
00b1c000-00b1d000 rw-p 00004000 08:01 33530      /usr/lib/libXdmcp.so.6.0.0
00b1d000-00c2c000 r-xp 00000000 08:01 32750      /usr/lib/libnss3.so
00c2c000-00c2f000 r--p 0010e000 08:01 32750      /usr/lib/libnss3.so
00c2f000-00c31000 rw-p 00111000 08:01 32750      /usr/lib/libnss3.so
00c6e000-00c75000 r-xp 00000000 08:01 222682     /usr/lib/jvm/java-6-openjdk/jre/lib/i386/native_threads/libhpi.so
00c75000-00c76000 r--p 00006000 08:01 222682     /usr/lib/jvm/java-6-openjdk/jre/lib/i386/native_threads/libhpi.so
00c76000-00c77000 rw-p 00007000 08:01 222682     /usr/lib/jvm/java-6-openjdk/jre/lib/i386/native_threads/libhpi.so
00d0b000-00d8b000 r-xp 00000000 08:01 34414      /usr/lib/libsqlite3.so.0.8.6
00d8b000-00d8c000 r--p 0007f000 08:01 34414      /usr/lib/libsqlite3.so.0.8.6
00d8c000-00d8d000 rw-p 00080000 08:01 34414      /usr/lib/libsqlite3.so.0.8.6
00d8d000-00d8e000 rw-p 00000000 00:00 0 
00dd7000-00dd9000 r-xp 00000000 08:01 8240       /lib/libnss_mdns4_minimal.so.2
00dd9000-00dda000 r--p 00001000 08:01 8240       /lib/libnss_mdns4_minimal.so.2
00dda000-00ddb000 rw-p 00002000 08:01 8240       /lib/libnss_mdns4_minimal.so.2
00e45000-00e48000 r-xp 00000000 08:01 218989     /usr/lib/jvm/java-6-openjdk/jre/lib/i386/jli/libjli.so
00e48000-00e49000 r--p 00003000 08:01 218989     /usr/lib/jvm/java-6-openjdk/jre/lib/i386/jli/libjli.so
00e49000-00e4a000 rw-p 00004000 08:01 218989     /usr/lib/jvm/java-6-openjdk/jre/lib/i386/jli/libjli.so
00ebe000-00ec6000 r-xp 00000000 08:01 33554      /usr/lib/libXrender.so.1.3.0
00ec6000-00ec7000 r--p 00007000 08:01 33554      /usr/lib/libXrender.so.1.3.0
00ec7000-00ec8000 rw-p 00008000 08:01 33554      /usr/lib/libXrender.so.1.3.0
00ecd000-00ee0000 r-xp 00000000 08:01 8318       /lib/libz.so.1.2.3.3
00ee0000-00ee1000 r--p 00012000 08:01 8318       /lib/libz.so.1.2.3.3
00ee1000-00ee2000 rw-p 00013000 08:01 8318       /lib/libz.so.1.2.3.3
00ee2000-015a7000 r-xp 00000000 08:01 222686     /usr/lib/jvm/java-6-openjdk/jre/lib/i386/server/libjvm.so
015a7000-015a8000 ---p 006c5000 08:01 222686     /usr/lib/jvm/java-6-openjdk/jre/lib/i386/server/libjvm.so
015a8000-015ed000 r--p 006c5000 08:01 222686     /usr/lib/jvm/java-6-openjdk/jre/lib/i386/server/libjvm.so
015ed000-015fc000 rw-p 0070a000 08:01 222686     /usr/lib/jvm/java-6-openjdk/jre/lib/i386/server/libjvm.so
015fc000-01a1b000 rw-p 00000000 00:00 0 
08048000-08051000 r-xp 00000000 08:01 224584     /usr/lib/jvm/java-6-openjdk/jre/bin/java
08051000-08052000 r--p 00008000 08:01 224584     /usr/lib/jvm/java-6-openjdk/jre/bin/java
08052000-08053000 rw-p 00009000 08:01 224584     /usr/lib/jvm/java-6-openjdk/jre/bin/java
08208000-099a2000 rw-p 00000000 00:00 0          [heap]
88a00000-88afd000 rw-p 00000000 00:00 0 
88afd000-88b00000 ---p 00000000 00:00 0 
88b00000-88bfb000 rw-p 00000000 00:00 0 
88bfb000-88c00000 ---p 00000000 00:00 0 
88c00000-88def000 rw-p 00000000 00:00 0 
88def000-88e00000 ---p 00000000 00:00 0 
88e00000-88ee8000 rw-p 00000000 00:00 0 
88ee8000-88f00000 ---p 00000000 00:00 0 
88f00000-89000000 rw-p 00000000 00:00 0 
89000000-89100000 rw-p 00000000 00:00 0 
89200000-892fb000 rw-p 00000000 00:00 0 
892fb000-89300000 ---p 00000000 00:00 0 
89400000-895fd000 rw-p 00000000 00:00 0 
895fd000-89600000 ---p 00000000 00:00 0 
89600000-896f9000 rw-p 00000000 00:00 0 
896f9000-89700000 ---p 00000000 00:00 0 
89700000-897fa000 rw-p 00000000 00:00 0 
897fa000-89800000 ---p 00000000 00:00 0 
89800000-899fa000 rw-p 00000000 00:00 0 
899fa000-89a00000 ---p 00000000 00:00 0 
89a00000-89afa000 rw-p 00000000 00:00 0 
89afa000-89b00000 ---p 00000000 00:00 0 
89b00000-89bf9000 rw-p 00000000 00:00 0 
89bf9000-89c00000 ---p 00000000 00:00 0 
89c00000-89cff000 rw-p 00000000 00:00 0 
89cff000-89d00000 ---p 00000000 00:00 0 
89d00000-89df9000 rw-p 00000000 00:00 0 
89df9000-89e00000 ---p 00000000 00:00 0 
89e00000-89efd000 rw-p 00000000 00:00 0 
89efd000-89f00000 ---p 00000000 00:00 0 
89f00000-89ff9000 rw-p 00000000 00:00 0 
89ff9000-8a000000 ---p 00000000 00:00 0 
8a000000-8a0f9000 rw-p 00000000 00:00 0 
8a0f9000-8a100000 ---p 00000000 00:00 0 
8a100000-8a1f9000 rw-p 00000000 00:00 0 
8a1f9000-8a200000 ---p 00000000 00:00 0 
8a200000-8a2e8000 rw-p 00000000 00:00 0 
8a2e8000-8a300000 ---p 00000000 00:00 0 
8a300000-8a3fa000 rw-p 00000000 00:00 0 
8a3fa000-8a400000 ---p 00000000 00:00 0 
8a400000-8a4ff000 rw-p 00000000 00:00 0 
8a4ff000-8a500000 ---p 00000000 00:00 0 
8a500000-8a5f9000 rw-p 00000000 00:00 0 
8a5f9000-8a600000 ---p 00000000 00:00 0 
8a600000-8a6f7000 rw-p 00000000 00:00 0 
8a6f7000-8a700000 ---p 00000000 00:00 0 
8a700000-8a800000 rw-p 00000000 00:00 0 
8a900000-8aa00000 rw-p 00000000 00:00 0 
8aa4f000-8ab00000 rw-p 00000000 00:00 0 
8ab00000-8abff000 rw-p 00000000 00:00 0 
8abff000-8ac00000 ---p 00000000 00:00 0 
8ac00000-8acfa000 rw-p 00000000 00:00 0 
8acfa000-8ad00000 ---p 00000000 00:00 0 
8ad00000-8adf1000 rw-p 00000000 00:00 0 
8adf1000-8ae00000 ---p 00000000 00:00 0 
8ae00000-8aefb000 rw-p 00000000 00:00 0 
8aefb000-8af00000 ---p 00000000 00:00 0 
8af00000-8affb000 rw-p 00000000 00:00 0 
8affb000-8b000000 ---p 00000000 00:00 0 
8b000000-8b0fc000 rw-p 00000000 00:00 0 
8b0fc000-8b100000 ---p 00000000 00:00 0 
8b100000-8b1fd000 rw-p 00000000 00:00 0 
8b1fd000-8b200000 ---p 00000000 00:00 0 
8b250000-8b253000 ---p 00000000 00:00 0 
8b253000-8b2a1000 rw-p 00000000 00:00 0 
8b2a1000-8b300000 r--s 00468000 08:01 1576614    /home/patrick/workspace/AlgebraEditor/war/WEB-INF/lib/gwt-servlet.jar
8b300000-8b3f8000 rw-p 00000000 00:00 0 
8b3f8000-8b400000 ---p 00000000 00:00 0 
8b400000-8b4e0000 rw-p 00000000 00:00 0 
8b4e0000-8b500000 ---p 00000000 00:00 0 
8b500000-8b5ff000 rw-p 00000000 00:00 0 
8b5ff000-8b600000 ---p 00000000 00:00 0 
8b60d000-8b610000 ---p 00000000 00:00 0 
8b610000-8b65e000 rw-p 00000000 00:00 0 
8b65e000-8b661000 ---p 00000000 00:00 0 
8b661000-8b6af000 rw-p 00000000 00:00 0 
8b6af000-8b6b2000 ---p 00000000 00:00 0 
8b6b2000-8b700000 rw-p 00000000 00:00 0 
8b700000-8b7ee000 rw-p 00000000 00:00 0 
8b7ee000-8b800000 ---p 00000000 00:00 0 
8b81a000-8b81d000 ---p 00000000 00:00 0 
8b81d000-8b86b000 rw-p 00000000 00:00 0 
8b86b000-8b86e000 ---p 00000000 00:00 0 
8b86e000-8b8bc000 rw-p 00000000 00:00 0 
8b8bc000-8b8bf000 ---p 00000000 00:00 0 
8b8bf000-8b90d000 rw-p 00000000 00:00 0 
8b90d000-8b910000 ---p 00000000 00:00 0 
8b910000-8b95e000 rw-p 00000000 00:00 0 
8b95e000-8b961000 ---p 00000000 00:00 0 
8b961000-8b9af000 rw-p 00000000 00:00 0 
8b9af000-8b9b2000 ---p 00000000 00:00 0 
8b9b2000-8ba00000 rw-p 00000000 00:00 0 
8ba00000-8bafa000 rw-p 00000000 00:00 0 
8bafa000-8bb00000 ---p 00000000 00:00 0 
8bb1e000-8bb20000 r--s 00013000 08:01 34333      /usr/lib/jvm/java-6-openjdk/jre/lib/jce.jar
8bb20000-8bb24000 r--s 0007c000 08:01 36936      /usr/lib/jvm/java-6-openjdk/jre/lib/jsse.jar
8bb24000-8bb2a000 r--s 000fc000 08:01 40549      /usr/lib/jvm/java-6-openjdk/jre/lib/resources.jar
8bb2a000-8bb2d000 r--s 00077000 08:01 32789      /usr/lib/jvm/java-6-openjdk/jre/lib/ext/localedata.jar
8bb2d000-8bb2f000 r--s 00001000 08:01 32604      /usr/lib/jvm/java-6-openjdk/jre/lib/ext/dnsns.jar
8bb2f000-8bb32000 r--s 00038000 08:01 32603      /usr/lib/jvm/java-6-openjdk/jre/lib/ext/sunpkcs11.jar
8bb32000-8bb35000 r--s 00031000 08:01 32791      /usr/lib/jvm/java-6-openjdk/jre/lib/ext/sunjce_provider.jar
8bb35000-8bb38000 r--s 00009000 08:01 937543     /home/patrick/Downloads/gwt-2.3.0/validation-api-1.0.0.GA.jar
8bb38000-8bb3b000 ---p 00000000 00:00 0 
8bb3b000-8bbb7000 rw-p 00000000 00:00 0 
8bbb7000-8bd27000 r--s 01951000 08:01 937535     /home/patrick/Downloads/gwt-2.3.0/gwt-dev.jar
8bd27000-8bdf8000 r--s 00a99000 08:01 937536     /home/patrick/Downloads/gwt-2.3.0/gwt-user.jar
8bdf8000-8bdfe000 r--s 00043000 08:01 1579242    /home/patrick/workspace/AlgebraEditor/war/WEB-INF/lib/commons-configuration-1.6.jar
8bdfe000-8bdff000 ---p 00000000 00:00 0 
8bdff000-8be7f000 rw-p 00000000 00:00 0 
8be7f000-8be82000 ---p 00000000 00:00 0 
8be82000-8bf00000 rw-p 00000000 00:00 0 
8bf00000-8c000000 rw-p 00000000 00:00 0 
8c000000-8c006000 r--s 00075000 08:01 1577814    /home/patrick/workspace/AlgebraEditor/war/WEB-INF/lib/postgresql-9.0-801.jdbc3.jar
8c006000-8c008000 r--s 00009000 08:01 1573110    /home/patrick/workspace/AlgebraEditor/war/WEB-INF/lib/commons-dbutils-1.3.jar
8c008000-8c00b000 r--s 00023000 08:01 1577906    /home/patrick/workspace/AlgebraEditor/war/WEB-INF/lib/jdom.jar
8c00b000-8c014000 r--s 0006d000 08:01 1586391    /home/patrick/workspace/AlgebraEditor/war/WEB-INF/lib/log4j-1.2.16.jar
8c014000-8c017000 r--s 00012000 08:01 1586389    /home/patrick/workspace/AlgebraEditor/war/WEB-INF/lib/commons-io-1.3.1.jar
8c017000-8c019000 r--s 0000d000 08:01 1586071    /home/patrick/workspace/AlgebraEditor/war/WEB-INF/lib/commons-fileupload-1.2.2.jar
8c019000-8c01d000 r--s 00029000 08:01 1580846    /home/patrick/workspace/AlgebraEditor/war/WEB-INF/lib/gwtupload-0.6.3-compat.jar
8c01d000-8c020000 ---p 00000000 00:00 0 
8c020000-8c06e000 rw-p 00000000 00:00 0 
8c06e000-8c071000 ---p 00000000 00:00 0 
8c071000-8c0ef000 rw-p 00000000 00:00 0 
8c0ef000-8c0f2000 ---p 00000000 00:00 0 
8c0f2000-8c140000 rw-p 00000000 00:00 0 
8c140000-8c147000 r--s 00000000 08:01 46330      /usr/lib/gconv/gconv-modules.cache
8c147000-8c186000 r--p 00000000 08:01 38352      /usr/lib/locale/de_DE.utf8/LC_CTYPE
8c186000-8c189000 ---p 00000000 00:00 0 
8c189000-8c1d7000 rw-p 00000000 00:00 0 
8c1d7000-8c1da000 ---p 00000000 00:00 0 
8c1da000-8c228000 rw-p 00000000 00:00 0 
8c228000-8c229000 ---p 00000000 00:00 0 
8c229000-8c2a9000 rw-p 00000000 00:00 0 
8c2a9000-8c2ab000 r--s 0001d000 08:01 40548      /usr/lib/jvm/java-6-openjdk/jre/lib/plugin.jar
8c2ab000-8c2b0000 r--s 00045000 08:01 37069      /usr/lib/jvm/java-6-openjdk/jre/lib/netx.jar
8c2b0000-8c2e3000 rw-p 00000000 00:00 0 
8c2e3000-8c472000 r--s 038c2000 08:01 17963      /usr/lib/jvm/java-6-openjdk/jre/lib/rt.jar
8c472000-8c473000 ---p 00000000 00:00 0 
8c473000-8c4f3000 rw-p 00000000 00:00 0 
8c4f3000-8c4f4000 ---p 00000000 00:00 0 
8c4f4000-8c583000 rw-p 00000000 00:00 0 
8c583000-8c5b4000 rw-p 00000000 00:00 0 
8c5b4000-8c5ec000 rw-p 00000000 00:00 0 
8c5ec000-8c5ee000 ---p 00000000 00:00 0 
8c5ee000-8c65f000 rw-p 00000000 00:00 0 
8c65f000-8c66e000 rw-p 00000000 00:00 0 
8c66e000-8c69f000 rw-p 00000000 00:00 0 
8c69f000-8c6d7000 rw-p 00000000 00:00 0 
8c6d7000-8c6d9000 ---p 00000000 00:00 0 
8c6d9000-8c749000 rw-p 00000000 00:00 0 
8c749000-8c79f000 rw-p 00000000 00:00 0 
8c79f000-8e520000 rw-p 00000000 00:00 0 
8e520000-947a0000 rw-p 00000000 00:00 0 
947a0000-9b770000 rw-p 00000000 00:00 0 
9b770000-9b9c0000 ---p 00000000 00:00 0 
9b9c0000-a9d00000 rw-p 00000000 00:00 0 
a9d00000-b47a0000 rw-p 00000000 00:00 0 
b47a1000-b47a3000 r--s 0000e000 08:01 937544     /home/patrick/Downloads/gwt-2.3.0/validation-api-1.0.0.GA-sources.jar
b47a3000-b47b7000 rw-p 00000000 00:00 0 
b47b7000-b4863000 rw-p 00000000 00:00 0 
b4863000-b4d4b000 rwxp 00000000 00:00 0 
b4d4b000-b7863000 rw-p 00000000 00:00 0 
b7863000-b7866000 ---p 00000000 00:00 0 
b7866000-b78b7000 rw-p 00000000 00:00 0 
b78b8000-b78bb000 r--s 0000f000 08:01 32797      /usr/lib/jvm/java-6-openjdk/jre/lib/ext/pulse-java.jar
b78bb000-b78c4000 r--s 00065000 08:01 90785      /usr/share/java/gnome-java-bridge.jar
b78c4000-b78cc000 rw-s 00000000 08:01 661160     /tmp/hsperfdata_patrick/11215
b78cc000-b78cd000 rw-p 00000000 00:00 0 
b78cd000-b78ce000 r--p 00000000 00:00 0 
b78ce000-b78d0000 rw-p 00000000 00:00 0 
bfb11000-bfb26000 rw-p 00000000 00:00 0          [stack]

VM Arguments:
jvm_args: -Xmx512m -Dfile.encoding=UTF-8 
java_command: com.google.gwt.dev.DevMode -remoteUI 41275:16295223797061 -startupUrl AlgebraEditor.html -logLevel INFO -codeServerPort 9997 -port 8888 -war /home/patrick/workspace/AlgebraEditor/war com.algebraweb.editor.AlgebraEditor com.algebraweb.editor.AlgebraEditor
Launcher Type: SUN_STANDARD

Environment Variables:
PATH=/usr/local/sbin:/usr/local/bin:/usr/sbin:/usr/bin:/sbin:/bin:/usr/games
USERNAME=patrick
LD_LIBRARY_PATH=/usr/lib/jvm/java-6-openjdk/jre/lib/i386/server:/usr/lib/jvm/java-6-openjdk/jre/lib/i386:/usr/lib/jvm/java-6-openjdk/jre/../lib/i386:/usr/lib/jvm/java-6-openjdk/jre/lib/i386/client:/usr/lib/jvm/java-6-openjdk/jre/lib/i386:/usr/lib/xulrunner-1.9.2.18:/usr/lib/xulrunner-1.9.2.18
SHELL=/bin/bash
DISPLAY=:0.0

Signal Handlers:
SIGSEGV: [libjvm.so+0x649f80], sa_mask[0]=0x7ffbfeff, sa_flags=0x10000004
SIGBUS: [libjvm.so+0x649f80], sa_mask[0]=0x7ffbfeff, sa_flags=0x10000004
SIGFPE: [libjvm.so+0x51c010], sa_mask[0]=0x7ffbfeff, sa_flags=0x10000004
SIGPIPE: SIG_IGN, sa_mask[0]=0x00000000, sa_flags=0x00000000
SIGXFSZ: [libjvm.so+0x51c010], sa_mask[0]=0x7ffbfeff, sa_flags=0x10000004
SIGILL: [libjvm.so+0x51c010], sa_mask[0]=0x7ffbfeff, sa_flags=0x10000004
SIGUSR1: SIG_DFL, sa_mask[0]=0x00000000, sa_flags=0x00000000
SIGUSR2: [libjvm.so+0x51b6c0], sa_mask[0]=0x00000004, sa_flags=0x10000004
SIGHUP: [libjvm.so+0x51e230], sa_mask[0]=0x7ffbfeff, sa_flags=0x10000004
SIGINT: SIG_IGN, sa_mask[0]=0x00000000, sa_flags=0x00000000
SIGTERM: [libjvm.so+0x51e230], sa_mask[0]=0x7ffbfeff, sa_flags=0x10000004
SIGQUIT: [libjvm.so+0x51e230], sa_mask[0]=0x7ffbfeff, sa_flags=0x10000004


---------------  S Y S T E M  ---------------

OS:Ubuntu 10.04 (lucid)
uname:Linux 2.6.32-33-generic #72-Ubuntu SMP Fri Jul 29 21:08:37 UTC 2011 i686
libc:glibc 2.11.1 NPTL 2.11.1 
rlimit: STACK 8192k, CORE 0k, NPROC infinity, NOFILE 1024, AS infinity
load average:1.81 1.50 1.53

/proc/meminfo:
MemTotal:        3095752 kB
MemFree:          126168 kB
Buffers:          486828 kB
Cached:           621216 kB
SwapCached:        16384 kB
Active:          1995348 kB
Inactive:         739112 kB
Active(anon):    1254352 kB
Inactive(anon):   382648 kB
Active(file):     740996 kB
Inactive(file):   356464 kB
Unevictable:          16 kB
Mlocked:              16 kB
HighTotal:       2235208 kB
HighFree:         117892 kB
LowTotal:         860544 kB
LowFree:            8276 kB
SwapTotal:       4714488 kB
SwapFree:        4681280 kB
Dirty:               380 kB
Writeback:             0 kB
AnonPages:       1618020 kB
Mapped:           203460 kB
Shmem:             10488 kB
Slab:             160724 kB
SReclaimable:     146820 kB
SUnreclaim:        13904 kB
KernelStack:        3832 kB
PageTables:         9408 kB
NFS_Unstable:          0 kB
Bounce:                0 kB
WritebackTmp:          0 kB
CommitLimit:     6262364 kB
Committed_AS:    3049620 kB
VmallocTotal:     122880 kB
VmallocUsed:       55684 kB
VmallocChunk:      60128 kB
HardwareCorrupted:     0 kB
HugePages_Total:       0
HugePages_Free:        0
HugePages_Rsvd:        0
HugePages_Surp:        0
Hugepagesize:       4096 kB
DirectMap4k:       12280 kB
DirectMap4M:      897024 kB


CPU:total 2 (2 cores per cpu, 1 threads per core) family 6 model 15 stepping 2, cmov, cx8, fxsr, mmx, sse, sse2, sse3, ssse3

Memory: 4k page, physical 3095752k(126168k free), swap 4714488k(4681280k free)

vm_info: OpenJDK Server VM (19.0-b09) for linux-x86 JRE (1.6.0_20-b20), built on Jul 22 2011 02:03:35 by "buildd" with gcc 4.4.3

time: Mon Aug  8 00:24:29 2011
elapsed time: 41 seconds

